<?xml version="1.0" encoding="UTF-8"?>
<testng-results ignored="0" total="1" passed="1" failed="0" skipped="0">
  <reporter-output>
  </reporter-output>
  <suite started-at="2024-09-29T23:47:23 IST" name="Default suite" finished-at="2024-09-29T23:47:36 IST" duration-ms="13223">
    <groups>
    </groups>
    <test started-at="2024-09-29T23:47:23 IST" name="Default test" finished-at="2024-09-29T23:47:36 IST" duration-ms="13223">
      <class name="TestCases.TC_Login">
        <test-method is-config="true" signature="setup()[pri:0, instance:TestCases.TC_Login@7ef82753]" started-at="2024-09-29T23:47:23 IST" name="setup" finished-at="2024-09-29T23:47:28 IST" duration-ms="5194" status="PASS">
          <reporter-output>
          </reporter-output>
        </test-method> <!-- setup -->
        <test-method signature="loginTest()[pri:0, instance:TestCases.TC_Login@7ef82753]" started-at="2024-09-29T23:47:28 IST" name="loginTest" finished-at="2024-09-29T23:47:31 IST" duration-ms="2740" status="PASS">
          <reporter-output>
          </reporter-output>
        </test-method> <!-- loginTest -->
        <test-method is-config="true" signature="tearDown()[pri:0, instance:TestCases.TC_Login@7ef82753]" started-at="2024-09-29T23:47:31 IST" name="tearDown" finished-at="2024-09-29T23:47:36 IST" duration-ms="5255" status="PASS">
          <reporter-output>
          </reporter-output>
        </test-method> <!-- tearDown -->
      </class> <!-- TestCases.TC_Login -->
    </test> <!-- Default test -->
  </suite> <!-- Default suite -->
</testng-results>
