<?xml version="1.0" encoding="UTF-8"?>
<testng-results ignored="0" total="1" passed="1" failed="0" skipped="0">
  <reporter-output>
  </reporter-output>
  <suite started-at="2024-10-25T21:20:28 IST" name="Default suite" finished-at="2024-10-25T21:20:40 IST" duration-ms="12134">
    <groups>
    </groups>
    <test started-at="2024-10-25T21:20:28 IST" name="Default test" finished-at="2024-10-25T21:20:40 IST" duration-ms="12134">
      <class name="TestCases.TC_Login">
        <test-method is-config="true" signature="setup()[pri:0, instance:TestCases.TC_Login@459e9125]" started-at="2024-10-25T21:20:28 IST" name="setup" finished-at="2024-10-25T21:20:34 IST" duration-ms="6272" status="PASS">
          <reporter-output>
          </reporter-output>
        </test-method> <!-- setup -->
        <test-method signature="loginTest()[pri:0, instance:TestCases.TC_Login@459e9125]" started-at="2024-10-25T21:20:34 IST" name="loginTest" finished-at="2024-10-25T21:20:35 IST" duration-ms="354" status="PASS">
          <reporter-output>
          </reporter-output>
        </test-method> <!-- loginTest -->
        <test-method is-config="true" signature="tearDown()[pri:0, instance:TestCases.TC_Login@459e9125]" started-at="2024-10-25T21:20:35 IST" name="tearDown" finished-at="2024-10-25T21:20:40 IST" duration-ms="5465" status="PASS">
          <reporter-output>
          </reporter-output>
        </test-method> <!-- tearDown -->
      </class> <!-- TestCases.TC_Login -->
    </test> <!-- Default test -->
  </suite> <!-- Default suite -->
</testng-results>
